<?xml version="1.0" encoding="UTF-8"?>
<!-- Generated by org.testng.reporters.JUnitReportReporter -->
<testsuite hostname="LAPTOP-VKBHV4LJ" failures="0" tests="2" name="com.store.testcases.Orderpagetest" time="46.908" errors="0" timestamp="2024-10-26T10:11:01 GST" skipped="0">
  <testcase classname="com.store.testcases.Orderpagetest" name="addtocarttest" time="21.837"/>
  <testcase classname="com.store.testcases.Orderpagetest" name="verifytotalpriceaddtocarttest" time="25.071"/>
</testsuite> <!-- com.store.testcases.Orderpagetest -->
