<?xml version="1.0" encoding="UTF-8"?>
<!-- Generated by org.testng.reporters.JUnitReportReporter -->
<testsuite hostname="LAPTOP-VKBHV4LJ" failures="0" tests="1" name="com.store.testcases.Loginpagetest" time="11.926" errors="0" timestamp="2024-10-26T10:09:36 GST" skipped="0">
  <testcase classname="com.store.testcases.Loginpagetest" name="Logintest" time="11.926"/>
</testsuite> <!-- com.store.testcases.Loginpagetest -->
