<?xml version="1.0" encoding="UTF-8"?>
<!-- Generated by org.testng.reporters.JUnitReportReporter -->
<testsuite hostname="LAPTOP-VKBHV4LJ" failures="0" tests="1" name="com.store.testcases.Searchresultpagetest" time="5.313" errors="0" timestamp="2024-10-26T10:07:53 GST" skipped="0">
  <testcase classname="com.store.testcases.Searchresultpagetest" name="productsearchtest" time="5.313"/>
</testsuite> <!-- com.store.testcases.Searchresultpagetest -->
