<?xml version="1.0" encoding="UTF-8"?>
<!-- Generated by org.testng.reporters.JUnitReportReporter -->
<testsuite hostname="LAPTOP-VKBHV4LJ" failures="0" tests="1" name="com.store.testcases.Addtocartpagetest" time="21.391" errors="0" timestamp="2024-10-26T10:11:01 GST" skipped="0">
  <testcase classname="com.store.testcases.Addtocartpagetest" name="addtocarttest" time="21.391"/>
</testsuite> <!-- com.store.testcases.Addtocartpagetest -->
