<?xml version="1.0" encoding="UTF-8"?>
<!-- Generated by org.testng.reporters.JUnitReportReporter -->
<testsuite hostname="LAPTOP-VKBHV4LJ" failures="0" tests="1" name="com.store.testcases.EndtoEndtest" time="38.566" errors="0" timestamp="2024-10-24T23:25:38 GST" skipped="0">
  <testcase classname="com.store.testcases.EndtoEndtest" name="addtocarttestE2E" time="38.566"/>
</testsuite> <!-- com.store.testcases.EndtoEndtest -->
