<?xml version="1.0" encoding="UTF-8"?>
<!-- Generated by org.testng.reporters.JUnitReportReporter -->
<testsuite hostname="LAPTOP-VKBHV4LJ" failures="0" tests="4" name="com.store.testcases.AccountcreationpageTest" time="44.683" errors="0" timestamp="2024-10-26T10:09:36 GST" skipped="0">
  <testcase classname="com.store.testcases.AccountcreationpageTest" name="createAccountTest" time="10.017"/>
  <testcase classname="com.store.testcases.AccountcreationpageTest" name="createAccountTest" time="12.266"/>
  <testcase classname="com.store.testcases.AccountcreationpageTest" name="createAccountTest" time="13.904"/>
  <testcase classname="com.store.testcases.AccountcreationpageTest" name="verifyaccountcreationpage" time="8.496"/>
</testsuite> <!-- com.store.testcases.AccountcreationpageTest -->
