<?xml version="1.0" encoding="UTF-8"?>
<!-- Generated by org.testng.reporters.JUnitReportReporter -->
<testsuite hostname="LAPTOP-VKBHV4LJ" failures="0" tests="3" name="com.store.testcases.Homepagetest" time="18.564" errors="0" timestamp="2024-10-26T10:07:53 GST" skipped="0">
  <testcase classname="com.store.testcases.Homepagetest" name="verifyaddmyfirstaddress" time="6.106"/>
  <testcase classname="com.store.testcases.Homepagetest" name="verifymyaccount" time="6.113"/>
  <testcase classname="com.store.testcases.Homepagetest" name="verifyorderhistory" time="6.345"/>
</testsuite> <!-- com.store.testcases.Homepagetest -->
